#-----------------------------------------------------------
# Vivado v2018.3 (64-bit)
# SW Build 2405991 on Thu Dec  6 23:38:27 MST 2018
# IP Build 2404404 on Fri Dec  7 01:43:56 MST 2018
# Start of session at: Wed Jan 31 13:12:28 2024
# Process ID: 19892
# Current directory: C:/Users/findo/OneDrive/Desktop/Electric courses/Degital Design/project_2
# Command line: vivado.exe -gui_launcher_event rodinguilauncherevent4004 C:\Users\findo\OneDrive\Desktop\Electric courses\Degital Design\project_2\project_2.xpr
# Log file: C:/Users/findo/OneDrive/Desktop/Electric courses/Degital Design/project_2/vivado.log
# Journal file: C:/Users/findo/OneDrive/Desktop/Electric courses/Degital Design/project_2\vivado.jou
#-----------------------------------------------------------
start_gui
open_project {C:/Users/findo/OneDrive/Desktop/Electric courses/Degital Design/project_2/project_2.xpr}
Scanning sources...
Finished scanning sources
INFO: [IP_Flow 19-234] Refreshing IP repositories
INFO: [IP_Flow 19-1704] No user IP repositories specified
INFO: [IP_Flow 19-2313] Loaded Vivado IP repository 'E:/Vivado/2018.3/data/ip'.
update_compile_order -fileset sources_1
launch_simulation
INFO: [Vivado 12-5682] Launching behavioral simulation in 'C:/Users/findo/OneDrive/Desktop/Electric courses/Degital Design/project_2/project_2.sim/sim_1/behav/xsim'
INFO: [SIM-utils-51] Simulation object is 'sim_1'
INFO: [SIM-utils-54] Inspecting design source files for 'sevensegdisplay' in fileset 'sim_1'...
INFO: [USF-XSim-97] Finding global include files...
INFO: [USF-XSim-98] Fetching design files from 'sim_1'...
INFO: [USF-XSim-2] XSim::Compile design
INFO: [USF-XSim-61] Executing 'COMPILE and ANALYZE' step in 'C:/Users/findo/OneDrive/Desktop/Electric courses/Degital Design/project_2/project_2.sim/sim_1/behav/xsim'
"xvlog --incr --relax -prj sevensegdisplay_vlog.prj"
INFO: [VRFC 10-2263] Analyzing Verilog file "C:/Users/findo/OneDrive/Desktop/Electric courses/Degital Design/project_2/project_2.srcs/sources_1/new/sevensegdisplay.v" into library xil_defaultlib
INFO: [VRFC 10-311] analyzing module sevensegdisplay
INFO: [VRFC 10-2263] Analyzing Verilog file "C:/Users/findo/OneDrive/Desktop/Electric courses/Degital Design/project_2/project_2.sim/sim_1/behav/xsim/glbl.v" into library xil_defaultlib
INFO: [VRFC 10-311] analyzing module glbl
INFO: [USF-XSim-69] 'compile' step finished in '2' seconds
INFO: [USF-XSim-3] XSim::Elaborate design
INFO: [USF-XSim-61] Executing 'ELABORATE' step in 'C:/Users/findo/OneDrive/Desktop/Electric courses/Degital Design/project_2/project_2.sim/sim_1/behav/xsim'
Vivado Simulator 2018.3
Copyright 1986-1999, 2001-2018 Xilinx, Inc. All Rights Reserved.
Running: E:/Vivado/2018.3/bin/unwrapped/win64.o/xelab.exe -wto 8d94337744da4ba9ac9c4535319950fc --incr --debug typical --relax --mt 2 -L xil_defaultlib -L unisims_ver -L unimacro_ver -L secureip --snapshot sevensegdisplay_behav xil_defaultlib.sevensegdisplay xil_defaultlib.glbl -log elaborate.log 
Using 2 slave threads.
Starting static elaboration
Completed static elaboration
Starting simulation data flow analysis
WARNING: [XSIM 43-4100] "C:/Users/findo/OneDrive/Desktop/Electric courses/Degital Design/project_2/project_2.sim/sim_1/behav/xsim/glbl.v" Line 6. Module glbl has a timescale but at least one module in design doesn't have timescale.
Completed simulation data flow analysis
Time Resolution for simulation is 1ps
Compiling module xil_defaultlib.sevensegdisplay
Compiling module xil_defaultlib.glbl
Built simulation snapshot sevensegdisplay_behav

****** Webtalk v2018.3 (64-bit)
  **** SW Build 2405991 on Thu Dec  6 23:38:27 MST 2018
  **** IP Build 2404404 on Fri Dec  7 01:43:56 MST 2018
    ** Copyright 1986-2018 Xilinx, Inc. All Rights Reserved.

source C:/Users/findo/OneDrive/Desktop/Electric -notrace
invalid command name "%"
    while executing
"% Total    % Received % Xferd  Average Speed   Time    Time     Time  Current"
    (file "C:/Users/findo/OneDrive/Desktop/Electric" line 1)
INFO: [Common 17-206] Exiting Webtalk at Wed Jan 31 13:12:57 2024...
INFO: [USF-XSim-69] 'elaborate' step finished in '4' seconds
INFO: [USF-XSim-4] XSim::Simulate design
INFO: [USF-XSim-61] Executing 'SIMULATE' step in 'C:/Users/findo/OneDrive/Desktop/Electric courses/Degital Design/project_2/project_2.sim/sim_1/behav/xsim'
INFO: [USF-XSim-98] *** Running xsim
   with args "sevensegdisplay_behav -key {Behavioral:sim_1:Functional:sevensegdisplay} -tclbatch {sevensegdisplay.tcl} -log {simulate.log}"
INFO: [USF-XSim-8] Loading simulator feature
Vivado Simulator 2018.3
Time resolution is 1 ps
source sevensegdisplay.tcl
# set curr_wave [current_wave_config]
# if { [string length $curr_wave] == 0 } {
#   if { [llength [get_objects]] > 0} {
#     add_wave /
#     set_property needs_save false [current_wave_config]
#   } else {
#      send_msg_id Add_Wave-1 WARNING "No top level signals found. Simulator will start without a wave window. If you want to open a wave window go to 'File->New Waveform Configuration' or type 'create_wave_config' in the TCL console."
#   }
# }
# run 1000ns
INFO: [USF-XSim-96] XSim completed. Design snapshot 'sevensegdisplay_behav' loaded.
INFO: [USF-XSim-97] XSim simulation ran for 1000ns
launch_simulation: Time (s): cpu = 00:00:03 ; elapsed = 00:00:10 . Memory (MB): peak = 760.391 ; gain = 15.215
close_sim
INFO: [Simtcl 6-16] Simulation closed
exit
INFO: [Common 17-206] Exiting Vivado at Wed Jan 31 13:13:19 2024...
