#-----------------------------------------------------------
# Vivado v2018.3 (64-bit)
# SW Build 2405991 on Thu Dec  6 23:38:27 MST 2018
# IP Build 2404404 on Fri Dec  7 01:43:56 MST 2018
# Start of session at: Wed Mar  6 17:14:05 2024
# Process ID: 3004
# Current directory: C:/Users/findo/OneDrive/Desktop/Electric courses/Degital Design/project_10
# Command line: vivado.exe -gui_launcher_event rodinguilauncherevent12896 C:\Users\findo\OneDrive\Desktop\Electric courses\Degital Design\project_10\project_10.xpr
# Log file: C:/Users/findo/OneDrive/Desktop/Electric courses/Degital Design/project_10/vivado.log
# Journal file: C:/Users/findo/OneDrive/Desktop/Electric courses/Degital Design/project_10\vivado.jou
#-----------------------------------------------------------
start_gui
open_project {C:/Users/findo/OneDrive/Desktop/Electric courses/Degital Design/project_10/project_10.xpr}
Scanning sources...
Finished scanning sources
INFO: [IP_Flow 19-234] Refreshing IP repositories
INFO: [IP_Flow 19-1704] No user IP repositories specified
INFO: [IP_Flow 19-2313] Loaded Vivado IP repository 'E:/Vivado/2018.3/data/ip'.
open_project: Time (s): cpu = 00:00:09 ; elapsed = 00:00:08 . Memory (MB): peak = 702.188 ; gain = 100.211
update_compile_order -fileset sources_1
synth_design -rtl -name rtl_1
Command: synth_design -rtl -name rtl_1
Starting synth_design
Using part: xc7z020clg400-1
Top: priority_encoder
---------------------------------------------------------------------------------
Starting RTL Elaboration : Time (s): cpu = 00:00:03 ; elapsed = 00:00:04 . Memory (MB): peak = 823.148 ; gain = 60.770
---------------------------------------------------------------------------------
INFO: [Synth 8-6157] synthesizing module 'priority_encoder' [C:/Users/findo/OneDrive/Desktop/Electric courses/Degital Design/project_10/project_10.srcs/sources_1/new/priorityencoder.v:23]
INFO: [Synth 8-6155] done synthesizing module 'priority_encoder' (1#1) [C:/Users/findo/OneDrive/Desktop/Electric courses/Degital Design/project_10/project_10.srcs/sources_1/new/priorityencoder.v:23]
---------------------------------------------------------------------------------
Finished RTL Elaboration : Time (s): cpu = 00:00:04 ; elapsed = 00:00:05 . Memory (MB): peak = 865.039 ; gain = 102.660
---------------------------------------------------------------------------------

Report Check Netlist: 
+------+------------------+-------+---------+-------+------------------+
|      |Item              |Errors |Warnings |Status |Description       |
+------+------------------+-------+---------+-------+------------------+
|1     |multi_driven_nets |      0|        0|Passed |Multi driven nets |
+------+------------------+-------+---------+-------+------------------+
---------------------------------------------------------------------------------
Start Handling Custom Attributes
---------------------------------------------------------------------------------
---------------------------------------------------------------------------------
Finished Handling Custom Attributes : Time (s): cpu = 00:00:04 ; elapsed = 00:00:06 . Memory (MB): peak = 865.039 ; gain = 102.660
---------------------------------------------------------------------------------
---------------------------------------------------------------------------------
Finished RTL Optimization Phase 1 : Time (s): cpu = 00:00:04 ; elapsed = 00:00:06 . Memory (MB): peak = 865.039 ; gain = 102.660
---------------------------------------------------------------------------------
INFO: [Device 21-403] Loading part xc7z020clg400-1
INFO: [Project 1-570] Preparing netlist for logic optimization

Processing XDC Constraints
Initializing timing engine
Parsing XDC File [C:/Users/findo/Downloads/PYNQ-Z2 v1.0.xdc]
WARNING: [Vivado 12-584] No ports matched 'O[12]'. [C:/Users/findo/Downloads/PYNQ-Z2 v1.0.xdc:21]
CRITICAL WARNING: [Common 17-55] 'set_property' expects at least one object. [C:/Users/findo/Downloads/PYNQ-Z2 v1.0.xdc:21]
Resolution: If [get_<value>] was used to populate the object, check to make sure this command returns at least one valid object.
WARNING: [Vivado 12-584] No ports matched 'O[11]'. [C:/Users/findo/Downloads/PYNQ-Z2 v1.0.xdc:22]
CRITICAL WARNING: [Common 17-55] 'set_property' expects at least one object. [C:/Users/findo/Downloads/PYNQ-Z2 v1.0.xdc:22]
Resolution: If [get_<value>] was used to populate the object, check to make sure this command returns at least one valid object.
WARNING: [Vivado 12-584] No ports matched 'O[10]'. [C:/Users/findo/Downloads/PYNQ-Z2 v1.0.xdc:23]
CRITICAL WARNING: [Common 17-55] 'set_property' expects at least one object. [C:/Users/findo/Downloads/PYNQ-Z2 v1.0.xdc:23]
Resolution: If [get_<value>] was used to populate the object, check to make sure this command returns at least one valid object.
WARNING: [Vivado 12-584] No ports matched 'O[9]'. [C:/Users/findo/Downloads/PYNQ-Z2 v1.0.xdc:27]
CRITICAL WARNING: [Common 17-55] 'set_property' expects at least one object. [C:/Users/findo/Downloads/PYNQ-Z2 v1.0.xdc:27]
Resolution: If [get_<value>] was used to populate the object, check to make sure this command returns at least one valid object.
WARNING: [Vivado 12-584] No ports matched 'O[8]'. [C:/Users/findo/Downloads/PYNQ-Z2 v1.0.xdc:28]
CRITICAL WARNING: [Common 17-55] 'set_property' expects at least one object. [C:/Users/findo/Downloads/PYNQ-Z2 v1.0.xdc:28]
Resolution: If [get_<value>] was used to populate the object, check to make sure this command returns at least one valid object.
WARNING: [Vivado 12-584] No ports matched 'O[7]'. [C:/Users/findo/Downloads/PYNQ-Z2 v1.0.xdc:29]
CRITICAL WARNING: [Common 17-55] 'set_property' expects at least one object. [C:/Users/findo/Downloads/PYNQ-Z2 v1.0.xdc:29]
Resolution: If [get_<value>] was used to populate the object, check to make sure this command returns at least one valid object.
WARNING: [Vivado 12-584] No ports matched 'O[6]'. [C:/Users/findo/Downloads/PYNQ-Z2 v1.0.xdc:30]
CRITICAL WARNING: [Common 17-55] 'set_property' expects at least one object. [C:/Users/findo/Downloads/PYNQ-Z2 v1.0.xdc:30]
Resolution: If [get_<value>] was used to populate the object, check to make sure this command returns at least one valid object.
WARNING: [Vivado 12-584] No ports matched 'O[13]'. [C:/Users/findo/Downloads/PYNQ-Z2 v1.0.xdc:41]
CRITICAL WARNING: [Common 17-55] 'set_property' expects at least one object. [C:/Users/findo/Downloads/PYNQ-Z2 v1.0.xdc:41]
Resolution: If [get_<value>] was used to populate the object, check to make sure this command returns at least one valid object.
WARNING: [Vivado 12-584] No ports matched 'O[14]'. [C:/Users/findo/Downloads/PYNQ-Z2 v1.0.xdc:42]
CRITICAL WARNING: [Common 17-55] 'set_property' expects at least one object. [C:/Users/findo/Downloads/PYNQ-Z2 v1.0.xdc:42]
Resolution: If [get_<value>] was used to populate the object, check to make sure this command returns at least one valid object.
WARNING: [Vivado 12-584] No ports matched 'O[15]'. [C:/Users/findo/Downloads/PYNQ-Z2 v1.0.xdc:43]
CRITICAL WARNING: [Common 17-55] 'set_property' expects at least one object. [C:/Users/findo/Downloads/PYNQ-Z2 v1.0.xdc:43]
Resolution: If [get_<value>] was used to populate the object, check to make sure this command returns at least one valid object.
Finished Parsing XDC File [C:/Users/findo/Downloads/PYNQ-Z2 v1.0.xdc]
Parsing XDC File [C:/Users/findo/Downloads/RPI_Addon.xdc]
WARNING: [Vivado 12-584] No ports matched 'O[0]'. [C:/Users/findo/Downloads/RPI_Addon.xdc:30]
CRITICAL WARNING: [Common 17-55] 'set_property' expects at least one object. [C:/Users/findo/Downloads/RPI_Addon.xdc:30]
Resolution: If [get_<value>] was used to populate the object, check to make sure this command returns at least one valid object.
WARNING: [Vivado 12-584] No ports matched 'O[1]'. [C:/Users/findo/Downloads/RPI_Addon.xdc:31]
CRITICAL WARNING: [Common 17-55] 'set_property' expects at least one object. [C:/Users/findo/Downloads/RPI_Addon.xdc:31]
Resolution: If [get_<value>] was used to populate the object, check to make sure this command returns at least one valid object.
WARNING: [Vivado 12-584] No ports matched 'O[2]'. [C:/Users/findo/Downloads/RPI_Addon.xdc:32]
CRITICAL WARNING: [Common 17-55] 'set_property' expects at least one object. [C:/Users/findo/Downloads/RPI_Addon.xdc:32]
Resolution: If [get_<value>] was used to populate the object, check to make sure this command returns at least one valid object.
WARNING: [Vivado 12-584] No ports matched 'O[3]'. [C:/Users/findo/Downloads/RPI_Addon.xdc:33]
CRITICAL WARNING: [Common 17-55] 'set_property' expects at least one object. [C:/Users/findo/Downloads/RPI_Addon.xdc:33]
Resolution: If [get_<value>] was used to populate the object, check to make sure this command returns at least one valid object.
WARNING: [Vivado 12-584] No ports matched 'O[4]'. [C:/Users/findo/Downloads/RPI_Addon.xdc:34]
CRITICAL WARNING: [Common 17-55] 'set_property' expects at least one object. [C:/Users/findo/Downloads/RPI_Addon.xdc:34]
Resolution: If [get_<value>] was used to populate the object, check to make sure this command returns at least one valid object.
WARNING: [Vivado 12-584] No ports matched 'O[5]'. [C:/Users/findo/Downloads/RPI_Addon.xdc:35]
CRITICAL WARNING: [Common 17-55] 'set_property' expects at least one object. [C:/Users/findo/Downloads/RPI_Addon.xdc:35]
Resolution: If [get_<value>] was used to populate the object, check to make sure this command returns at least one valid object.
WARNING: [Vivado 12-584] No ports matched 'D'. [C:/Users/findo/Downloads/RPI_Addon.xdc:42]
CRITICAL WARNING: [Common 17-55] 'set_property' expects at least one object. [C:/Users/findo/Downloads/RPI_Addon.xdc:42]
Resolution: If [get_<value>] was used to populate the object, check to make sure this command returns at least one valid object.
WARNING: [Vivado 12-584] No ports matched 'C'. [C:/Users/findo/Downloads/RPI_Addon.xdc:43]
CRITICAL WARNING: [Common 17-55] 'set_property' expects at least one object. [C:/Users/findo/Downloads/RPI_Addon.xdc:43]
Resolution: If [get_<value>] was used to populate the object, check to make sure this command returns at least one valid object.
WARNING: [Vivado 12-584] No ports matched 'B'. [C:/Users/findo/Downloads/RPI_Addon.xdc:44]
CRITICAL WARNING: [Common 17-55] 'set_property' expects at least one object. [C:/Users/findo/Downloads/RPI_Addon.xdc:44]
Resolution: If [get_<value>] was used to populate the object, check to make sure this command returns at least one valid object.
WARNING: [Vivado 12-584] No ports matched 'A'. [C:/Users/findo/Downloads/RPI_Addon.xdc:45]
CRITICAL WARNING: [Common 17-55] 'set_property' expects at least one object. [C:/Users/findo/Downloads/RPI_Addon.xdc:45]
Resolution: If [get_<value>] was used to populate the object, check to make sure this command returns at least one valid object.
Finished Parsing XDC File [C:/Users/findo/Downloads/RPI_Addon.xdc]
Completed Processing XDC Constraints

INFO: [Opt 31-138] Pushed 0 inverter(s) to 0 load pin(s).
Netlist sorting complete. Time (s): cpu = 00:00:00 ; elapsed = 00:00:00 . Memory (MB): peak = 1141.898 ; gain = 0.000
INFO: [Project 1-111] Unisim Transformation Summary:
No Unisim elements were transformed.

RTL Elaboration Complete:  : Time (s): cpu = 00:00:19 ; elapsed = 00:00:19 . Memory (MB): peak = 1268.703 ; gain = 506.324
6 Infos, 20 Warnings, 20 Critical Warnings and 0 Errors encountered.
synth_design completed successfully
synth_design: Time (s): cpu = 00:00:19 ; elapsed = 00:00:20 . Memory (MB): peak = 1268.703 ; gain = 506.324
exit
INFO: [Common 17-206] Exiting Vivado at Wed Mar  6 17:16:09 2024...
