#-----------------------------------------------------------
# Vivado v2018.3 (64-bit)
# SW Build 2405991 on Thu Dec  6 23:38:27 MST 2018
# IP Build 2404404 on Fri Dec  7 01:43:56 MST 2018
# Start of session at: Mon Feb  5 20:14:10 2024
# Process ID: 1264
# Current directory: C:/Users/findo/OneDrive/Desktop/Electric courses/Degital Design/project_6
# Command line: vivado.exe -gui_launcher_event rodinguilauncherevent17092 C:\Users\findo\OneDrive\Desktop\Electric courses\Degital Design\project_6\project_6.xpr
# Log file: C:/Users/findo/OneDrive/Desktop/Electric courses/Degital Design/project_6/vivado.log
# Journal file: C:/Users/findo/OneDrive/Desktop/Electric courses/Degital Design/project_6\vivado.jou
#-----------------------------------------------------------
start_gui
open_project {C:/Users/findo/OneDrive/Desktop/Electric courses/Degital Design/project_6/project_6.xpr}
Scanning sources...
Finished scanning sources
INFO: [IP_Flow 19-234] Refreshing IP repositories
INFO: [IP_Flow 19-1704] No user IP repositories specified
INFO: [IP_Flow 19-2313] Loaded Vivado IP repository 'E:/Vivado/2018.3/data/ip'.
open_project: Time (s): cpu = 00:00:07 ; elapsed = 00:00:08 . Memory (MB): peak = 705.789 ; gain = 133.832
update_compile_order -fileset sources_1
exit
INFO: [Common 17-206] Exiting Vivado at Mon Feb  5 20:15:03 2024...
