#-----------------------------------------------------------
# Vivado v2018.3 (64-bit)
# SW Build 2405991 on Thu Dec  6 23:38:27 MST 2018
# IP Build 2404404 on Fri Dec  7 01:43:56 MST 2018
# Start of session at: Wed Mar  6 17:12:38 2024
# Process ID: 5888
# Current directory: C:/Users/findo/OneDrive/Desktop/Electric courses/Degital Design/project_9
# Command line: vivado.exe -gui_launcher_event rodinguilauncherevent7596 C:\Users\findo\OneDrive\Desktop\Electric courses\Degital Design\project_9\project_9.xpr
# Log file: C:/Users/findo/OneDrive/Desktop/Electric courses/Degital Design/project_9/vivado.log
# Journal file: C:/Users/findo/OneDrive/Desktop/Electric courses/Degital Design/project_9\vivado.jou
#-----------------------------------------------------------
start_gui
open_project {C:/Users/findo/OneDrive/Desktop/Electric courses/Degital Design/project_9/project_9.xpr}
Scanning sources...
Finished scanning sources
INFO: [IP_Flow 19-234] Refreshing IP repositories
INFO: [IP_Flow 19-1704] No user IP repositories specified
INFO: [IP_Flow 19-2313] Loaded Vivado IP repository 'E:/Vivado/2018.3/data/ip'.
open_project: Time (s): cpu = 00:00:09 ; elapsed = 00:00:13 . Memory (MB): peak = 680.582 ; gain = 105.199
update_compile_order -fileset sources_1
update_compile_order -fileset sources_1
exit
INFO: [Common 17-206] Exiting Vivado at Wed Mar  6 17:13:55 2024...
