#-----------------------------------------------------------
# Vivado v2018.3 (64-bit)
# SW Build 2405991 on Thu Dec  6 23:38:27 MST 2018
# IP Build 2404404 on Fri Dec  7 01:43:56 MST 2018
# Start of session at: Tue Mar 12 16:33:30 2024
# Process ID: 22032
# Current directory: C:/Users/findo/OneDrive/Desktop/Electric courses/Degital Design/project_11
# Command line: vivado.exe -gui_launcher_event rodinguilauncherevent4436 C:\Users\findo\OneDrive\Desktop\Electric courses\Degital Design\project_11\project_11.xpr
# Log file: C:/Users/findo/OneDrive/Desktop/Electric courses/Degital Design/project_11/vivado.log
# Journal file: C:/Users/findo/OneDrive/Desktop/Electric courses/Degital Design/project_11\vivado.jou
#-----------------------------------------------------------
start_gui
open_project {C:/Users/findo/OneDrive/Desktop/Electric courses/Degital Design/project_11/project_11.xpr}
Scanning sources...
Finished scanning sources
INFO: [IP_Flow 19-234] Refreshing IP repositories
INFO: [IP_Flow 19-1704] No user IP repositories specified
INFO: [IP_Flow 19-2313] Loaded Vivado IP repository 'E:/Vivado/2018.3/data/ip'.
open_project: Time (s): cpu = 00:00:08 ; elapsed = 00:00:11 . Memory (MB): peak = 701.512 ; gain = 102.113
update_compile_order -fileset sources_1
exit
INFO: [Common 17-206] Exiting Vivado at Tue Mar 12 16:42:27 2024...
