#-----------------------------------------------------------
# Vivado v2018.3 (64-bit)
# SW Build 2405991 on Thu Dec  6 23:38:27 MST 2018
# IP Build 2404404 on Fri Dec  7 01:43:56 MST 2018
# Start of session at: Tue Mar  5 20:02:01 2024
# Process ID: 23840
# Current directory: C:/Users/findo/OneDrive/Desktop/Electric courses/Degital Design/project_8
# Command line: vivado.exe -gui_launcher_event rodinguilauncherevent3324 C:\Users\findo\OneDrive\Desktop\Electric courses\Degital Design\project_8\project_8.xpr
# Log file: C:/Users/findo/OneDrive/Desktop/Electric courses/Degital Design/project_8/vivado.log
# Journal file: C:/Users/findo/OneDrive/Desktop/Electric courses/Degital Design/project_8\vivado.jou
#-----------------------------------------------------------
start_gui
open_project {C:/Users/findo/OneDrive/Desktop/Electric courses/Degital Design/project_8/project_8.xpr}
Scanning sources...
Finished scanning sources
INFO: [IP_Flow 19-234] Refreshing IP repositories
INFO: [IP_Flow 19-1704] No user IP repositories specified
INFO: [IP_Flow 19-2313] Loaded Vivado IP repository 'E:/Vivado/2018.3/data/ip'.
open_project: Time (s): cpu = 00:00:15 ; elapsed = 00:00:16 . Memory (MB): peak = 651.875 ; gain = 67.570
update_compile_order -fileset sources_1
exit
INFO: [Common 17-206] Exiting Vivado at Tue Mar  5 20:06:37 2024...
